# JRE version: OpenJDK Runtime Environment (8.0_265-b01) (build 1.8.0_265-8u265-b01-0ubuntu2~20.04-b01)
# Java VM: OpenJDK 64-Bit Server VM (25.265-b01 mixed mode linux-amd64 compressed oops)
Heap:
 garbage-first heap   total 262144K, used 203044K [0x00000000c0000000, 0x00000000c0100800, 0x0000000100000000)
  region size 1024K, 85 young (87040K), 11 survivors (11264K)
 Metaspace       used 133624K, capacity 146148K, committed 146432K, reserved 1177600K
  class space    used 15726K, capacity 18934K, committed 18944K, reserved 1048576K
GC Heap History (10 events):
Event: 307.096 GC heap before
{Heap before GC invocations=69 (full 0):
 garbage-first heap   total 262144K, used 227202K [0x00000000c0000000, 0x00000000c0100800, 0x0000000100000000)
  region size 1024K, 109 young (111616K), 7 survivors (7168K)
 Metaspace       used 132950K, capacity 145344K, committed 145664K, reserved 1175552K
  class space    used 15665K, capacity 18826K, committed 18944K, reserved 1048576K
Event: 307.106 GC heap after
Heap after GC invocations=70 (full 0):
 garbage-first heap   total 262144K, used 123238K [0x00000000c0000000, 0x00000000c0100800, 0x0000000100000000)
  region size 1024K, 7 young (7168K), 7 survivors (7168K)
 Metaspace       used 132950K, capacity 145344K, committed 145664K, reserved 1175552K
  class space    used 15665K, capacity 18826K, committed 18944K, reserved 1048576K
}
Event: 316.338 GC heap before
{Heap before GC invocations=70 (full 0):
 garbage-first heap   total 262144K, used 226662K [0x00000000c0000000, 0x00000000c0100800, 0x0000000100000000)
  region size 1024K, 108 young (110592K), 7 survivors (7168K)
 Metaspace       used 133288K, capacity 145786K, committed 145920K, reserved 1175552K
  class space    used 15690K, capacity 18863K, committed 18944K, reserved 1048576K
Event: 316.345 GC heap after
Heap after GC invocations=71 (full 0):
 garbage-first heap   total 262144K, used 124338K [0x00000000c0000000, 0x00000000c0100800, 0x0000000100000000)
  region size 1024K, 8 young (8192K), 8 survivors (8192K)
 Metaspace       used 133288K, capacity 145786K, committed 145920K, reserved 1175552K
  class space    used 15690K, capacity 18863K, committed 18944K, reserved 1048576K
}
Event: 332.621 GC heap before
{Heap before GC invocations=71 (full 0):
 garbage-first heap   total 262144K, used 225714K [0x00000000c0000000, 0x00000000c0100800, 0x0000000100000000)
  region size 1024K, 107 young (109568K), 8 survivors (8192K)
 Metaspace       used 133313K, capacity 145850K, committed 146176K, reserved 1177600K
  class space    used 15690K, capacity 18863K, committed 18944K, reserved 1048576K
Event: 332.629 GC heap after
Heap after GC invocations=72 (full 0):
 garbage-first heap   total 262144K, used 123898K [0x00000000c0000000, 0x00000000c0100800, 0x0000000100000000)
  region size 1024K, 7 young (7168K), 7 survivors (7168K)
 Metaspace       used 133313K, capacity 145850K, committed 146176K, reserved 1177600K
  class space    used 15690K, capacity 18863K, committed 18944K, reserved 1048576K
}
Event: 345.460 GC heap before
{Heap before GC invocations=72 (full 0):
 garbage-first heap   total 262144K, used 227322K [0x00000000c0000000, 0x00000000c0100800, 0x0000000100000000)
  region size 1024K, 108 young (110592K), 7 survivors (7168K)
 Metaspace       used 133327K, capacity 145850K, committed 146176K, reserved 1177600K
  class space    used 15690K, capacity 18863K, committed 18944K, reserved 1048576K
Event: 345.467 GC heap after
Heap after GC invocations=73 (full 0):
 garbage-first heap   total 262144K, used 123662K [0x00000000c0000000, 0x00000000c0100800, 0x0000000100000000)
  region size 1024K, 7 young (7168K), 7 survivors (7168K)
 Metaspace       used 133327K, capacity 145850K, committed 146176K, reserved 1177600K
  class space    used 15690K, capacity 18863K, committed 18944K, reserved 1048576K
}
Event: 346.561 GC heap before
{Heap before GC invocations=73 (full 0):
 garbage-first heap   total 262144K, used 227086K [0x00000000c0000000, 0x00000000c0100800, 0x0000000100000000)
  region size 1024K, 108 young (110592K), 7 survivors (7168K)
 Metaspace       used 133604K, capacity 146142K, committed 146432K, reserved 1177600K
  class space    used 15723K, capacity 18933K, committed 18944K, reserved 1048576K
Event: 346.571 GC heap after
Heap after GC invocations=74 (full 0):
 garbage-first heap   total 262144K, used 128292K [0x00000000c0000000, 0x00000000c0100800, 0x0000000100000000)
  region size 1024K, 11 young (11264K), 11 survivors (11264K)
 Metaspace       used 133604K, capacity 146142K, committed 146432K, reserved 1177600K
  class space    used 15723K, capacity 18933K, committed 18944K, reserved 1048576K
}

