# JRE version: OpenJDK Runtime Environment (8.0_265-b01) (build 1.8.0_265-8u265-b01-0ubuntu2~20.04-b01)
# Java VM: OpenJDK 64-Bit Server VM (25.265-b01 mixed mode linux-amd64 compressed oops)
Heap:
 garbage-first heap   total 268288K, used 161157K [0x00000000c0000000, 0x00000000c0100830, 0x0000000100000000)
  region size 1024K, 44 young (45056K), 8 survivors (8192K)
 Metaspace       used 126105K, capacity 137857K, committed 138112K, reserved 1169408K
  class space    used 15078K, capacity 18206K, committed 18304K, reserved 1048576K
GC Heap History (10 events):
Event: 65.504 GC heap before
{Heap before GC invocations=40 (full 0):
 garbage-first heap   total 268288K, used 233246K [0x00000000c0000000, 0x00000000c0100830, 0x0000000100000000)
  region size 1024K, 113 young (115712K), 4 survivors (4096K)
 Metaspace       used 124933K, capacity 136467K, committed 136704K, reserved 1167360K
  class space    used 15039K, capacity 18135K, committed 18176K, reserved 1048576K
Event: 65.518 GC heap after
Heap after GC invocations=41 (full 0):
 garbage-first heap   total 268288K, used 124741K [0x00000000c0000000, 0x00000000c0100830, 0x0000000100000000)
  region size 1024K, 7 young (7168K), 7 survivors (7168K)
 Metaspace       used 124933K, capacity 136467K, committed 136704K, reserved 1167360K
  class space    used 15039K, capacity 18135K, committed 18176K, reserved 1048576K
}
Event: 74.103 GC heap before
{Heap before GC invocations=41 (full 0):
 garbage-first heap   total 268288K, used 232261K [0x00000000c0000000, 0x00000000c0100830, 0x0000000100000000)
  region size 1024K, 112 young (114688K), 7 survivors (7168K)
 Metaspace       used 125126K, capacity 136677K, committed 136960K, reserved 1167360K
  class space    used 15041K, capacity 18138K, committed 18176K, reserved 1048576K
Event: 74.111 GC heap after
Heap after GC invocations=42 (full 0):
 garbage-first heap   total 268288K, used 125032K [0x00000000c0000000, 0x00000000c0100830, 0x0000000100000000)
  region size 1024K, 8 young (8192K), 8 survivors (8192K)
 Metaspace       used 125126K, capacity 136677K, committed 136960K, reserved 1167360K
  class space    used 15041K, capacity 18138K, committed 18176K, reserved 1048576K
}
Event: 82.244 GC heap before
{Heap before GC invocations=42 (full 0):
 garbage-first heap   total 268288K, used 230504K [0x00000000c0000000, 0x00000000c0100830, 0x0000000100000000)
  region size 1024K, 111 young (113664K), 8 survivors (8192K)
 Metaspace       used 125409K, capacity 137071K, committed 137216K, reserved 1169408K
  class space    used 15042K, capacity 18139K, committed 18176K, reserved 1048576K
Event: 82.253 GC heap after
Heap after GC invocations=43 (full 0):
 garbage-first heap   total 268288K, used 124781K [0x00000000c0000000, 0x00000000c0100830, 0x0000000100000000)
  region size 1024K, 7 young (7168K), 7 survivors (7168K)
 Metaspace       used 125409K, capacity 137071K, committed 137216K, reserved 1169408K
  class space    used 15042K, capacity 18139K, committed 18176K, reserved 1048576K
}
Event: 92.775 GC heap before
{Heap before GC invocations=43 (full 0):
 garbage-first heap   total 268288K, used 232301K [0x00000000c0000000, 0x00000000c0100830, 0x0000000100000000)
  region size 1024K, 112 young (114688K), 7 survivors (7168K)
 Metaspace       used 125844K, capacity 137653K, committed 137856K, reserved 1169408K
  class space    used 15077K, capacity 18204K, committed 18304K, reserved 1048576K
Event: 92.782 GC heap after
Heap after GC invocations=44 (full 0):
 garbage-first heap   total 268288K, used 123750K [0x00000000c0000000, 0x00000000c0100830, 0x0000000100000000)
  region size 1024K, 6 young (6144K), 6 survivors (6144K)
 Metaspace       used 125844K, capacity 137653K, committed 137856K, reserved 1169408K
  class space    used 15077K, capacity 18204K, committed 18304K, reserved 1048576K
}
Event: 98.794 GC heap before
{Heap before GC invocations=44 (full 0):
 garbage-first heap   total 268288K, used 233318K [0x00000000c0000000, 0x00000000c0100830, 0x0000000100000000)
  region size 1024K, 113 young (115712K), 6 survivors (6144K)
 Metaspace       used 126028K, capacity 137851K, committed 138112K, reserved 1169408K
  class space    used 15077K, capacity 18205K, committed 18304K, reserved 1048576K
Event: 98.806 GC heap after
Heap after GC invocations=45 (full 0):
 garbage-first heap   total 268288K, used 125317K [0x00000000c0000000, 0x00000000c0100830, 0x0000000100000000)
  region size 1024K, 8 young (8192K), 8 survivors (8192K)
 Metaspace       used 126028K, capacity 137851K, committed 138112K, reserved 1169408K
  class space    used 15077K, capacity 18205K, committed 18304K, reserved 1048576K
}

