# JRE version: OpenJDK Runtime Environment (8.0_265-b01) (build 1.8.0_265-8u265-b01-0ubuntu2~20.04-b01)
# Java VM: OpenJDK 64-Bit Server VM (25.265-b01 mixed mode linux-amd64 compressed oops)
Heap:
 garbage-first heap   total 262144K, used 195280K [0x00000000c0000000, 0x00000000c0100800, 0x0000000100000000)
  region size 1024K, 79 young (80896K), 6 survivors (6144K)
 Metaspace       used 125527K, capacity 137310K, committed 137548K, reserved 1169408K
  class space    used 15066K, capacity 18172K, committed 18252K, reserved 1048576K
GC Heap History (10 events):
Event: 27.523 GC heap before
{Heap before GC invocations=32 (full 0):
 garbage-first heap   total 262144K, used 142341K [0x00000000c0000000, 0x00000000c0100800, 0x0000000100000000)
  region size 1024K, 13 young (13312K), 12 survivors (12288K)
 Metaspace       used 121834K, capacity 133268K, committed 133324K, reserved 1165312K
  class space    used 14742K, capacity 17845K, committed 17868K, reserved 1048576K
Event: 27.538 GC heap after
Heap after GC invocations=33 (full 0):
 garbage-first heap   total 262144K, used 120396K [0x00000000c0000000, 0x00000000c0100800, 0x0000000100000000)
  region size 1024K, 2 young (2048K), 2 survivors (2048K)
 Metaspace       used 121834K, capacity 133268K, committed 133324K, reserved 1165312K
  class space    used 14742K, capacity 17845K, committed 17868K, reserved 1048576K
}
Event: 27.628 GC heap before
{Heap before GC invocations=33 (full 0):
 garbage-first heap   total 262144K, used 130636K [0x00000000c0000000, 0x00000000c0100800, 0x0000000100000000)
  region size 1024K, 12 young (12288K), 2 survivors (2048K)
 Metaspace       used 122072K, capacity 133440K, committed 133580K, reserved 1165312K
  class space    used 14756K, capacity 17851K, committed 17868K, reserved 1048576K
Event: 27.646 GC heap after
Heap after GC invocations=34 (full 0):
 garbage-first heap   total 262144K, used 117760K [0x00000000c0000000, 0x00000000c0100800, 0x0000000100000000)
  region size 1024K, 2 young (2048K), 2 survivors (2048K)
 Metaspace       used 122072K, capacity 133440K, committed 133580K, reserved 1165312K
  class space    used 14756K, capacity 17851K, committed 17868K, reserved 1048576K
}
Event: 34.744 GC heap before
{Heap before GC invocations=34 (full 0):
 garbage-first heap   total 262144K, used 225280K [0x00000000c0000000, 0x00000000c0100800, 0x0000000100000000)
  region size 1024K, 107 young (109568K), 2 survivors (2048K)
 Metaspace       used 122863K, capacity 134302K, committed 134348K, reserved 1165312K
  class space    used 14764K, capacity 17856K, committed 17868K, reserved 1048576K
Event: 34.759 GC heap after
Heap after GC invocations=35 (full 0):
 garbage-first heap   total 262144K, used 120026K [0x00000000c0000000, 0x00000000c0100800, 0x0000000100000000)
  region size 1024K, 5 young (5120K), 5 survivors (5120K)
 Metaspace       used 122863K, capacity 134302K, committed 134348K, reserved 1165312K
  class space    used 14764K, capacity 17856K, committed 17868K, reserved 1048576K
}
Event: 52.373 GC heap before
{Heap before GC invocations=35 (full 0):
 garbage-first heap   total 262144K, used 224474K [0x00000000c0000000, 0x00000000c0100800, 0x0000000100000000)
  region size 1024K, 107 young (109568K), 5 survivors (5120K)
 Metaspace       used 123781K, capacity 135328K, committed 135500K, reserved 1167360K
  class space    used 14791K, capacity 17887K, committed 17996K, reserved 1048576K
Event: 52.380 GC heap after
Heap after GC invocations=36 (full 0):
 garbage-first heap   total 262144K, used 120429K [0x00000000c0000000, 0x00000000c0100800, 0x0000000100000000)
  region size 1024K, 5 young (5120K), 5 survivors (5120K)
 Metaspace       used 123781K, capacity 135328K, committed 135500K, reserved 1167360K
  class space    used 14791K, capacity 17887K, committed 17996K, reserved 1048576K
}
Event: 61.122 GC heap before
{Heap before GC invocations=36 (full 0):
 garbage-first heap   total 262144K, used 226925K [0x00000000c0000000, 0x00000000c0100800, 0x0000000100000000)
  region size 1024K, 109 young (111616K), 5 survivors (5120K)
 Metaspace       used 124319K, capacity 136094K, committed 136268K, reserved 1167360K
  class space    used 14826K, capacity 17942K, committed 17996K, reserved 1048576K
Event: 61.129 GC heap after
Heap after GC invocations=37 (full 0):
 garbage-first heap   total 262144K, used 121552K [0x00000000c0000000, 0x00000000c0100800, 0x0000000100000000)
  region size 1024K, 6 young (6144K), 6 survivors (6144K)
 Metaspace       used 124319K, capacity 136094K, committed 136268K, reserved 1167360K
  class space    used 14826K, capacity 17942K, committed 17996K, reserved 1048576K
}

