# JRE version: OpenJDK Runtime Environment (8.0_265-b01) (build 1.8.0_265-8u265-b01-0ubuntu2~20.04-b01)
# Java VM: OpenJDK 64-Bit Server VM (25.265-b01 mixed mode linux-amd64 compressed oops)
Heap:
 garbage-first heap   total 262144K, used 216828K [0x00000000c0000000, 0x00000000c0100800, 0x0000000100000000)
  region size 1024K, 101 young (103424K), 8 survivors (8192K)
 Metaspace       used 125391K, capacity 136807K, committed 137144K, reserved 1169408K
  class space    used 15017K, capacity 18066K, committed 18156K, reserved 1048576K
GC Heap History (10 events):
Event: 36.213 GC heap before
{Heap before GC invocations=36 (full 0):
 garbage-first heap   total 262144K, used 131160K [0x00000000c0000000, 0x00000000c0100800, 0x0000000100000000)
  region size 1024K, 13 young (13312K), 12 survivors (12288K)
 Metaspace       used 123368K, capacity 134883K, committed 135224K, reserved 1167360K
  class space    used 14931K, capacity 17972K, committed 18028K, reserved 1048576K
Event: 36.238 GC heap after
Heap after GC invocations=37 (full 0):
 garbage-first heap   total 262144K, used 114792K [0x00000000c0000000, 0x00000000c0100800, 0x0000000100000000)
  region size 1024K, 2 young (2048K), 2 survivors (2048K)
 Metaspace       used 123368K, capacity 134883K, committed 135224K, reserved 1167360K
  class space    used 14931K, capacity 17972K, committed 18028K, reserved 1048576K
}
Event: 37.081 GC heap before
{Heap before GC invocations=37 (full 0):
 garbage-first heap   total 262144K, used 125032K [0x00000000c0000000, 0x00000000c0100800, 0x0000000100000000)
  region size 1024K, 12 young (12288K), 2 survivors (2048K)
 Metaspace       used 123379K, capacity 134883K, committed 135224K, reserved 1167360K
  class space    used 14931K, capacity 17972K, committed 18028K, reserved 1048576K
Event: 37.098 GC heap after
Heap after GC invocations=38 (full 0):
 garbage-first heap   total 262144K, used 115989K [0x00000000c0000000, 0x00000000c0100800, 0x0000000100000000)
  region size 1024K, 2 young (2048K), 2 survivors (2048K)
 Metaspace       used 123379K, capacity 134883K, committed 135224K, reserved 1167360K
  class space    used 14931K, capacity 17972K, committed 18028K, reserved 1048576K
}
Event: 41.815 GC heap before
{Heap before GC invocations=38 (full 0):
 garbage-first heap   total 262144K, used 226581K [0x00000000c0000000, 0x00000000c0100800, 0x0000000100000000)
  region size 1024K, 110 young (112640K), 2 survivors (2048K)
 Metaspace       used 124154K, capacity 135615K, committed 135864K, reserved 1167360K
  class space    used 14987K, capacity 18040K, committed 18156K, reserved 1048576K
Event: 41.828 GC heap after
Heap after GC invocations=39 (full 0):
 garbage-first heap   total 262144K, used 119403K [0x00000000c0000000, 0x00000000c0100800, 0x0000000100000000)
  region size 1024K, 5 young (5120K), 5 survivors (5120K)
 Metaspace       used 124154K, capacity 135615K, committed 135864K, reserved 1167360K
  class space    used 14987K, capacity 18040K, committed 18156K, reserved 1048576K
}
Event: 48.790 GC heap before
{Heap before GC invocations=39 (full 0):
 garbage-first heap   total 262144K, used 226923K [0x00000000c0000000, 0x00000000c0100800, 0x0000000100000000)
  region size 1024K, 110 young (112640K), 5 survivors (5120K)
 Metaspace       used 124736K, capacity 136249K, committed 136376K, reserved 1167360K
  class space    used 15010K, capacity 18061K, committed 18156K, reserved 1048576K
Event: 48.798 GC heap after
Heap after GC invocations=40 (full 0):
 garbage-first heap   total 262144K, used 122570K [0x00000000c0000000, 0x00000000c0100800, 0x0000000100000000)
  region size 1024K, 8 young (8192K), 8 survivors (8192K)
 Metaspace       used 124736K, capacity 136249K, committed 136376K, reserved 1167360K
  class space    used 15010K, capacity 18061K, committed 18156K, reserved 1048576K
}
Event: 57.130 GC heap before
{Heap before GC invocations=40 (full 0):
 garbage-first heap   total 262144K, used 225994K [0x00000000c0000000, 0x00000000c0100800, 0x0000000100000000)
  region size 1024K, 109 young (111616K), 8 survivors (8192K)
 Metaspace       used 125087K, capacity 136539K, committed 136632K, reserved 1167360K
  class space    used 15016K, capacity 18064K, committed 18156K, reserved 1048576K
Event: 57.147 GC heap after
Heap after GC invocations=41 (full 0):
 garbage-first heap   total 262144K, used 122620K [0x00000000c0000000, 0x00000000c0100800, 0x0000000100000000)
  region size 1024K, 8 young (8192K), 8 survivors (8192K)
 Metaspace       used 125087K, capacity 136539K, committed 136632K, reserved 1167360K
  class space    used 15016K, capacity 18064K, committed 18156K, reserved 1048576K
}

