# JRE version: OpenJDK Runtime Environment (8.0_265-b01) (build 1.8.0_265-8u265-b01-0ubuntu2~20.04-b01)
# Java VM: OpenJDK 64-Bit Server VM (25.265-b01 mixed mode linux-amd64 compressed oops)
Heap:
 garbage-first heap   total 262144K, used 199613K [0x00000000c0000000, 0x00000000c0100800, 0x0000000100000000)
  region size 1024K, 70 young (71680K), 2 survivors (2048K)
 Metaspace       used 144336K, capacity 157270K, committed 157592K, reserved 1185792K
  class space    used 16788K, capacity 20251K, committed 20376K, reserved 1048576K
GC Heap History (10 events):
Event: 5243.465 GC heap before
{Heap before GC invocations=241 (full 0):
 garbage-first heap   total 262144K, used 140572K [0x00000000c0000000, 0x00000000c0100800, 0x0000000100000000)
  region size 1024K, 13 young (13312K), 12 survivors (12288K)
 Metaspace       used 143827K, capacity 156548K, committed 156952K, reserved 1185792K
  class space    used 16761K, capacity 20206K, committed 20248K, reserved 1048576K
Event: 5243.483 GC heap after
Heap after GC invocations=242 (full 0):
 garbage-first heap   total 262144K, used 128752K [0x00000000c0000000, 0x00000000c0100800, 0x0000000100000000)
  region size 1024K, 2 young (2048K), 2 survivors (2048K)
 Metaspace       used 143827K, capacity 156548K, committed 156952K, reserved 1185792K
  class space    used 16761K, capacity 20206K, committed 20248K, reserved 1048576K
}
Event: 5254.329 GC heap before
{Heap before GC invocations=242 (full 0):
 garbage-first heap   total 262144K, used 230128K [0x00000000c0000000, 0x00000000c0100800, 0x0000000100000000)
  region size 1024K, 101 young (103424K), 2 survivors (2048K)
 Metaspace       used 144104K, capacity 157030K, committed 157208K, reserved 1185792K
  class space    used 16782K, capacity 20243K, committed 20248K, reserved 1048576K
Event: 5254.343 GC heap after
Heap after GC invocations=243 (full 0):
 garbage-first heap   total 262144K, used 131317K [0x00000000c0000000, 0x00000000c0100800, 0x0000000100000000)
  region size 1024K, 5 young (5120K), 5 survivors (5120K)
 Metaspace       used 144104K, capacity 157030K, committed 157208K, reserved 1185792K
  class space    used 16782K, capacity 20243K, committed 20248K, reserved 1048576K
}
Event: 5267.523 GC heap before
{Heap before GC invocations=243 (full 0):
 garbage-first heap   total 262144K, used 228597K [0x00000000c0000000, 0x00000000c0100800, 0x0000000100000000)
  region size 1024K, 100 young (102400K), 5 survivors (5120K)
 Metaspace       used 144238K, capacity 157264K, committed 157592K, reserved 1185792K
  class space    used 16786K, capacity 20250K, committed 20376K, reserved 1048576K
Event: 5267.532 GC heap after
Heap after GC invocations=244 (full 0):
 garbage-first heap   total 262144K, used 133501K [0x00000000c0000000, 0x00000000c0100800, 0x0000000100000000)
  region size 1024K, 7 young (7168K), 7 survivors (7168K)
 Metaspace       used 144238K, capacity 157264K, committed 157592K, reserved 1185792K
  class space    used 16786K, capacity 20250K, committed 20376K, reserved 1048576K
}
Event: 5272.086 GC heap before
{Heap before GC invocations=245 (full 0):
 garbage-first heap   total 262144K, used 226685K [0x00000000c0000000, 0x00000000c0100800, 0x0000000100000000)
  region size 1024K, 98 young (100352K), 7 survivors (7168K)
 Metaspace       used 144268K, capacity 157264K, committed 157592K, reserved 1185792K
  class space    used 16786K, capacity 20250K, committed 20376K, reserved 1048576K
Event: 5272.094 GC heap after
Heap after GC invocations=246 (full 0):
 garbage-first heap   total 262144K, used 134391K [0x00000000c0000000, 0x00000000c0100800, 0x0000000100000000)
  region size 1024K, 8 young (8192K), 8 survivors (8192K)
 Metaspace       used 144268K, capacity 157264K, committed 157592K, reserved 1185792K
  class space    used 16786K, capacity 20250K, committed 20376K, reserved 1048576K
}
Event: 5272.920 GC heap before
{Heap before GC invocations=246 (full 0):
 garbage-first heap   total 262144K, used 138487K [0x00000000c0000000, 0x00000000c0100800, 0x0000000100000000)
  region size 1024K, 12 young (12288K), 8 survivors (8192K)
 Metaspace       used 144268K, capacity 157264K, committed 157592K, reserved 1185792K
  class space    used 16786K, capacity 20250K, committed 20376K, reserved 1048576K
Event: 5272.933 GC heap after
Heap after GC invocations=247 (full 0):
 garbage-first heap   total 262144K, used 131005K [0x00000000c0000000, 0x00000000c0100800, 0x0000000100000000)
  region size 1024K, 2 young (2048K), 2 survivors (2048K)
 Metaspace       used 144268K, capacity 157264K, committed 157592K, reserved 1185792K
  class space    used 16786K, capacity 20250K, committed 20376K, reserved 1048576K
}

