# JRE version: OpenJDK Runtime Environment (8.0_265-b01) (build 1.8.0_265-8u265-b01-0ubuntu2~20.04-b01)
# Java VM: OpenJDK 64-Bit Server VM (25.265-b01 mixed mode linux-amd64 compressed oops)
Heap:
 garbage-first heap   total 264192K, used 144555K [0x00000000c0000000, 0x00000000c0100810, 0x0000000100000000)
  region size 1024K, 29 young (29696K), 14 survivors (14336K)
 Metaspace       used 126648K, capacity 138354K, committed 138496K, reserved 1169408K
  class space    used 15012K, capacity 18116K, committed 18176K, reserved 1048576K
GC Heap History (10 events):
Event: 226.056 GC heap before
{Heap before GC invocations=37 (full 0):
 garbage-first heap   total 264192K, used 229285K [0x00000000c0000000, 0x00000000c0100810, 0x0000000100000000)
  region size 1024K, 112 young (114688K), 4 survivors (4096K)
 Metaspace       used 124678K, capacity 136226K, committed 136448K, reserved 1167360K
  class space    used 14815K, capacity 17868K, committed 17920K, reserved 1048576K
Event: 226.063 GC heap after
Heap after GC invocations=38 (full 0):
 garbage-first heap   total 264192K, used 120080K [0x00000000c0000000, 0x00000000c0100810, 0x0000000100000000)
  region size 1024K, 5 young (5120K), 5 survivors (5120K)
 Metaspace       used 124678K, capacity 136226K, committed 136448K, reserved 1167360K
  class space    used 14815K, capacity 17868K, committed 17920K, reserved 1048576K
}
Event: 232.933 GC heap before
{Heap before GC invocations=38 (full 0):
 garbage-first heap   total 264192K, used 230672K [0x00000000c0000000, 0x00000000c0100810, 0x0000000100000000)
  region size 1024K, 113 young (115712K), 5 survivors (5120K)
 Metaspace       used 125216K, capacity 137018K, committed 137344K, reserved 1169408K
  class space    used 14852K, capacity 17936K, committed 18048K, reserved 1048576K
Event: 232.940 GC heap after
Heap after GC invocations=39 (full 0):
 garbage-first heap   total 264192K, used 119486K [0x00000000c0000000, 0x00000000c0100810, 0x0000000100000000)
  region size 1024K, 5 young (5120K), 5 survivors (5120K)
 Metaspace       used 125216K, capacity 137018K, committed 137344K, reserved 1169408K
  class space    used 14852K, capacity 17936K, committed 18048K, reserved 1048576K
}
Event: 242.633 GC heap before
{Heap before GC invocations=39 (full 0):
 garbage-first heap   total 264192K, used 231102K [0x00000000c0000000, 0x00000000c0100810, 0x0000000100000000)
  region size 1024K, 114 young (116736K), 5 survivors (5120K)
 Metaspace       used 125627K, capacity 137516K, committed 137600K, reserved 1169408K
  class space    used 14881K, capacity 18013K, committed 18048K, reserved 1048576K
Event: 242.641 GC heap after
Heap after GC invocations=40 (full 0):
 garbage-first heap   total 264192K, used 119710K [0x00000000c0000000, 0x00000000c0100810, 0x0000000100000000)
  region size 1024K, 5 young (5120K), 5 survivors (5120K)
 Metaspace       used 125627K, capacity 137516K, committed 137600K, reserved 1169408K
  class space    used 14881K, capacity 18013K, committed 18048K, reserved 1048576K
}
Event: 250.035 GC heap before
{Heap before GC invocations=40 (full 0):
 garbage-first heap   total 264192K, used 231326K [0x00000000c0000000, 0x00000000c0100810, 0x0000000100000000)
  region size 1024K, 114 young (116736K), 5 survivors (5120K)
 Metaspace       used 126488K, capacity 138284K, committed 138496K, reserved 1169408K
  class space    used 15009K, capacity 18115K, committed 18176K, reserved 1048576K
Event: 250.049 GC heap after
Heap after GC invocations=41 (full 0):
 garbage-first heap   total 264192K, used 124930K [0x00000000c0000000, 0x00000000c0100810, 0x0000000100000000)
  region size 1024K, 10 young (10240K), 10 survivors (10240K)
 Metaspace       used 126488K, capacity 138284K, committed 138496K, reserved 1169408K
  class space    used 15009K, capacity 18115K, committed 18176K, reserved 1048576K
}
Event: 254.649 GC heap before
{Heap before GC invocations=41 (full 0):
 garbage-first heap   total 264192K, used 226306K [0x00000000c0000000, 0x00000000c0100810, 0x0000000100000000)
  region size 1024K, 109 young (111616K), 10 survivors (10240K)
 Metaspace       used 126589K, capacity 138354K, committed 138496K, reserved 1169408K
  class space    used 15012K, capacity 18116K, committed 18176K, reserved 1048576K
Event: 254.659 GC heap after
Heap after GC invocations=42 (full 0):
 garbage-first heap   total 264192K, used 130219K [0x00000000c0000000, 0x00000000c0100810, 0x0000000100000000)
  region size 1024K, 14 young (14336K), 14 survivors (14336K)
 Metaspace       used 126589K, capacity 138354K, committed 138496K, reserved 1169408K
  class space    used 15012K, capacity 18116K, committed 18176K, reserved 1048576K
}

